Building DAG of jobs...
Using shell: /bin/bash
Provided cluster nodes: 50
Unlimited resources: mem
Job counts:
	count	jobs
	1	all
	1	ichorCNA
	1	read_counter
	3

[Thu Dec  4 22:02:21 2025]
rule read_counter:
    input: /hpc/temp/ha_g/projects/psma/PSMA-Lut-2025_Sept120_realigned/realign_bam_paired_snakemake/BAMs/FHL0167_E_C2_recalibrated.bam
    output: results/readDepth/FHL0167_E_C2.bin1000000.wig
    log: logs/readDepth/FHL0167_E_C2.bin1000000.log
    jobid: 2
    wildcards: samples=FHL0167_E_C2, binSize=1000000
    resources: mem=4

Submitted job 2 with external jobid 'Submitted batch job 43148935'.
Waiting at most 100 seconds for missing files.
[Thu Dec  4 22:03:22 2025]
Finished job 2.
1 of 3 steps (33%) done

[Thu Dec  4 22:03:22 2025]
rule ichorCNA:
    input: results/readDepth/FHL0167_E_C2.bin1000000.wig
    output: results/ichorCNA/FHL0167_E_C2/FHL0167_E_C2.cna.seg
    log: logs/ichorCNA/FHL0167_E_C2.log
    jobid: 1
    wildcards: tumor=FHL0167_E_C2
    resources: mem=4

Submitted job 1 with external jobid 'Submitted batch job 43148937'.
[Thu Dec  4 22:07:02 2025]
Finished job 1.
2 of 3 steps (67%) done

[Thu Dec  4 22:07:02 2025]
localrule all:
    input: results/ichorCNA/FHL0167_E_C2/FHL0167_E_C2.cna.seg, results/readDepth/FHL0167_E_C2.bin1000000.wig
    jobid: 0

[Thu Dec  4 22:07:02 2025]
Finished job 0.
3 of 3 steps (100%) done
Complete log: /fh/fast/ha_g/user/pchandra/ichor_eval_fix/ichorCNA/scripts/snakemake/.snakemake/log/2025-12-04T220220.871949.snakemake.log
